have_library: checking for main() in -lcxcore... -------------------- no

"clang -o conftest -I/Users/osawa/.rbenv/versions/2.1.5/include/ruby-2.1.0/x86_64-darwin14.0 -I/Users/osawa/.rbenv/versions/2.1.5/include/ruby-2.1.0/ruby/backward -I/Users/osawa/.rbenv/versions/2.1.5/include/ruby-2.1.0 -I. -I/usr/local/include -I/usr/local/include/opencv -I/Users/osawa/.rbenv/versions/2.1.5/include  -I/usr/local/opt/readline/include -D_XOPEN_SOURCE -D_DARWIN_C_SOURCE -D_DARWIN_UNLIMITED_SELECT -D_REENTRANT    -O3 -Wno-error=shorten-64-to-32  -pipe conftest.c  -L. -L/Users/osawa/.rbenv/versions/2.1.5/lib -L/usr/local/lib -L. -L/Users/osawa/.rbenv/versions/2.1.5/lib  -L/usr/local/opt/readline/lib -fstack-protector     -lruby-static -framework CoreFoundation  -lpthread -lgmp -ldl -lobjc "
checked program was:
/* begin */
1: #include "ruby.h"
2: 
3: int main(int argc, char **argv)
4: {
5:   return 0;
6: }
/* end */

"clang -o conftest -I/Users/osawa/.rbenv/versions/2.1.5/include/ruby-2.1.0/x86_64-darwin14.0 -I/Users/osawa/.rbenv/versions/2.1.5/include/ruby-2.1.0/ruby/backward -I/Users/osawa/.rbenv/versions/2.1.5/include/ruby-2.1.0 -I. -I/usr/local/include -I/usr/local/include/opencv -I/Users/osawa/.rbenv/versions/2.1.5/include  -I/usr/local/opt/readline/include -D_XOPEN_SOURCE -D_DARWIN_C_SOURCE -D_DARWIN_UNLIMITED_SELECT -D_REENTRANT    -O3 -Wno-error=shorten-64-to-32  -pipe conftest.c  -L. -L/Users/osawa/.rbenv/versions/2.1.5/lib -L/usr/local/lib -L. -L/Users/osawa/.rbenv/versions/2.1.5/lib  -L/usr/local/opt/readline/lib -fstack-protector     -lruby-static -framework CoreFoundation -lcxcore  -lpthread -lgmp -ldl -lobjc "
ld: library not found for -lcxcore
clang: error: linker command failed with exit code 1 (use -v to see invocation)
checked program was:
/* begin */
 1: #include "ruby.h"
 2: 
 3: /*top*/
 4: extern int t(void);
 5: int main(int argc, char **argv)
 6: {
 7:   if (argc > 1000000) {
 8:     printf("%p", &t);
 9:   }
10: 
11:   return 0;
12: }
13: int t(void) { void ((*volatile p)()); p = (void ((*)()))main; return 0; }
/* end */

"clang -o conftest -I/Users/osawa/.rbenv/versions/2.1.5/include/ruby-2.1.0/x86_64-darwin14.0 -I/Users/osawa/.rbenv/versions/2.1.5/include/ruby-2.1.0/ruby/backward -I/Users/osawa/.rbenv/versions/2.1.5/include/ruby-2.1.0 -I. -I/usr/local/include -I/usr/local/include/opencv -I/Users/osawa/.rbenv/versions/2.1.5/include  -I/usr/local/opt/readline/include -D_XOPEN_SOURCE -D_DARWIN_C_SOURCE -D_DARWIN_UNLIMITED_SELECT -D_REENTRANT    -O3 -Wno-error=shorten-64-to-32  -pipe conftest.c  -L. -L/Users/osawa/.rbenv/versions/2.1.5/lib -L/usr/local/lib -L. -L/Users/osawa/.rbenv/versions/2.1.5/lib  -L/usr/local/opt/readline/lib -fstack-protector     -lruby-static -framework CoreFoundation -lcxcore  -lpthread -lgmp -ldl -lobjc "
conftest.c:13:20: error: too few arguments to function call, expected 2, have 0
int t(void) { main(); return 0; }
              ~~~~ ^
conftest.c:5:1: note: 'main' declared here
int main(int argc, char **argv)
^
1 error generated.
checked program was:
/* begin */
 1: #include "ruby.h"
 2: 
 3: /*top*/
 4: extern int t(void);
 5: int main(int argc, char **argv)
 6: {
 7:   if (argc > 1000000) {
 8:     printf("%p", &t);
 9:   }
10: 
11:   return 0;
12: }
13: int t(void) { main(); return 0; }
/* end */

--------------------

